[debug] [2024-03-09T11:55:34.745Z] ----------------------------------------------------------------------
[debug] [2024-03-09T11:55:34.748Z] Command:       G:\AM_Ware\Applications\node-v18.14.2-win-x64\node.exe G:\AM_Ware\Applications\node-v18.14.2-win-x64\node_modules\firebase-tools\lib\bin\firebase.js init
[debug] [2024-03-09T11:55:34.749Z] CLI Version:   11.24.0
[debug] [2024-03-09T11:55:34.750Z] Platform:      win32
[debug] [2024-03-09T11:55:34.750Z] Node Version:  v18.14.2
[debug] [2024-03-09T11:55:34.752Z] Time:          Sat Mar 09 2024 17:25:34 GMT+0530 (India Standard Time)
[debug] [2024-03-09T11:55:34.752Z] ----------------------------------------------------------------------
[debug] 
[debug] [2024-03-09T11:55:34.765Z] > command requires scopes: ["email","openid","https://www.googleapis.com/auth/cloudplatformprojects.readonly","https://www.googleapis.com/auth/firebase","https://www.googleapis.com/auth/cloud-platform"]
[debug] [2024-03-09T11:55:34.766Z] > authorizing via signed-in user (amernath555@gmail.com)
[info] 
     ######## #### ########  ######## ########     ###     ######  ########
     ##        ##  ##     ## ##       ##     ##  ##   ##  ##       ##
     ######    ##  ########  ######   ########  #########  ######  ######
     ##        ##  ##    ##  ##       ##     ## ##     ##       ## ##
     ##       #### ##     ## ######## ########  ##     ##  ######  ########

You're about to initialize a Firebase project in this directory:

  G:\Temp\learner-1.0.0

[info] 
=== Project Setup
[info] 
[info] First, let's associate this project directory with a Firebase project.
[info] You can create multiple project aliases by running firebase use --add, 
[info] but for now we'll just set up a default project.
[info] 
[debug] [2024-03-09T11:55:41.677Z] >>> [apiv2][query] GET https://firebase.googleapis.com/v1beta1/projects pageSize=100
[debug] [2024-03-09T11:55:42.472Z] <<< [apiv2][status] GET https://firebase.googleapis.com/v1beta1/projects 200
[debug] [2024-03-09T11:55:42.472Z] <<< [apiv2][body] GET https://firebase.googleapis.com/v1beta1/projects [omitted]
[info] i  Using project smart-learners-academy-chennai (Smart Learners Academy) 
[info] 
=== Database Setup
[info] i  database: ensuring required API firebasedatabase.googleapis.com is enabled... 
[debug] [2024-03-09T11:55:45.256Z] >>> [apiv2][query] GET https://serviceusage.googleapis.com/v1/projects/smart-learners-academy-chennai/services/firebasedatabase.googleapis.com [none]
[debug] [2024-03-09T11:55:45.256Z] >>> [apiv2][(partial)header] GET https://serviceusage.googleapis.com/v1/projects/smart-learners-academy-chennai/services/firebasedatabase.googleapis.com x-goog-quota-user=projects/smart-learners-academy-chennai
[debug] [2024-03-09T11:55:46.921Z] <<< [apiv2][status] GET https://serviceusage.googleapis.com/v1/projects/smart-learners-academy-chennai/services/firebasedatabase.googleapis.com 200
[debug] [2024-03-09T11:55:46.921Z] <<< [apiv2][body] GET https://serviceusage.googleapis.com/v1/projects/smart-learners-academy-chennai/services/firebasedatabase.googleapis.com [omitted]
[info] +  database: required API firebasedatabase.googleapis.com is enabled 
[info] 
[debug] [2024-03-09T11:55:46.922Z] >>> [apiv2][query] GET https://firebasedatabase.googleapis.com/v1beta/projects/smart-learners-academy-chennai/locations/-/instances/smart-learners-academy-chennai-default-rtdb [none]
[debug] [2024-03-09T11:55:48.493Z] <<< [apiv2][status] GET https://firebasedatabase.googleapis.com/v1beta/projects/smart-learners-academy-chennai/locations/-/instances/smart-learners-academy-chennai-default-rtdb 200
[debug] [2024-03-09T11:55:48.494Z] <<< [apiv2][body] GET https://firebasedatabase.googleapis.com/v1beta/projects/smart-learners-academy-chennai/locations/-/instances/smart-learners-academy-chennai-default-rtdb {"name":"projects/328549004570/locations/us-central1/instances/smart-learners-academy-chennai-default-rtdb","project":"projects/328549004570","databaseUrl":"https://smart-learners-academy-chennai-default-rtdb.firebaseio.com","type":"DEFAULT_DATABASE","state":"ACTIVE"}
[info] 
[info] Firebase Realtime Database Security Rules allow you to define how your data should be
[info] structured and when your data can be read from and written to.
[info] 
[debug] [2024-03-09T11:55:52.334Z] >>> [apiv2][query] GET https://smart-learners-academy-chennai-default-rtdb.firebaseio.com/.settings/rules.json [none]
[debug] [2024-03-09T11:55:52.925Z] <<< [apiv2][status] GET https://smart-learners-academy-chennai-default-rtdb.firebaseio.com/.settings/rules.json 200
[debug] [2024-03-09T11:55:52.925Z] <<< [apiv2][body] GET https://smart-learners-academy-chennai-default-rtdb.firebaseio.com/.settings/rules.json [stream]
[info] +  Database Rules for smart-learners-academy-chennai-default-rtdb have been written to Y. 
[info] Future modifications to Y will update Realtime Database Security Rules when you run
[info] firebase deploy.
[info] 
=== Hosting Setup
[info] 
[info] Your public directory is the folder (relative to your project directory) that
[info] will contain Hosting assets to be uploaded with firebase deploy. If you
[info] have a build process for your assets, use your build's output directory.
[info] 
[debug] [2024-03-09T11:56:08.286Z] >>> [apiv2][query] GET https://www.gstatic.com/firebasejs/releases.json [none]
[debug] [2024-03-09T11:56:08.463Z] <<< [apiv2][status] GET https://www.gstatic.com/firebasejs/releases.json 200
[debug] [2024-03-09T11:56:08.464Z] <<< [apiv2][body] GET https://www.gstatic.com/firebasejs/releases.json {"current":{"version":"10.8.1","browserURL":"https://www.gstatic.com/firebasejs/10.8.1/firebase.js","packageURL":"https://www.gstatic.com/firebasejs/10.8.1/firebase.tgz"},"live":{"version":"10.8","browserURL":"https://www.gstatic.com/firebasejs/live/10.8/firebase.js","packageURL":"https://www.gstatic.com/firebasejs/live/10.8/firebase.tgz"},"components":{"analytics":"https://www.gstatic.com/firebasejs/10.8.1/firebase-analytics.js","app":"https://www.gstatic.com/firebasejs/10.8.1/firebase-app.js","app-check":"https://www.gstatic.com/firebasejs/10.8.1/firebase-app-check.js","auth":"https://www.gstatic.com/firebasejs/10.8.1/firebase-auth.js","auth/cordova":"https://www.gstatic.com/firebasejs/10.8.1/firebase-auth/cordova.js","auth/web-extension":"https://www.gstatic.com/firebasejs/10.8.1/firebase-auth/web-extension.js","functions":"https://www.gstatic.com/firebasejs/10.8.1/firebase-functions.js","firestore":"https://www.gstatic.com/firebasejs/10.8.1/firebase-firestore.js","firestore/lite":"https://www.gstatic.com/firebasejs/10.8.1/firebase-firestore/lite.js","installations":"https://www.gstatic.com/firebasejs/10.8.1/firebase-installations.js","storage":"https://www.gstatic.com/firebasejs/10.8.1/firebase-storage.js","performance":"https://www.gstatic.com/firebasejs/10.8.1/firebase-performance.js","remote-config":"https://www.gstatic.com/firebasejs/10.8.1/firebase-remote-config.js","messaging":"https://www.gstatic.com/firebasejs/10.8.1/firebase-messaging.js","messaging/sw":"https://www.gstatic.com/firebasejs/10.8.1/firebase-messaging/sw.js","database":"https://www.gstatic.com/firebasejs/10.8.1/firebase-database.js","firestore.memory":"https://www.gstatic.com/firebasejs/10.8.1/firebase-firestore.memory.js"}}
[info] +  Wrote public/index.html 
[info] 
[info] i  Didn't detect a .git folder. Assuming G:\Temp\learner-1.0.0 is the project root. 
[info] i  Authorizing with GitHub to upload your service account to a GitHub repository's secrets store. 
[info] 
[info] Visit this URL on this device to log in:
[info] https://github.com/login/oauth/authorize?client_id=89cf50f02ac6aaed3484&state=76143856&redirect_uri=http%3A%2F%2Flocalhost%3A9005&scope=read%3Auser%20repo%20public_repo
[info] 
[info] Waiting for authentication...
[debug] [2024-03-09T11:56:21.656Z] >>> [apiv2][query] POST https://github.com/login/oauth/access_token [none]
[debug] [2024-03-09T11:56:21.656Z] >>> [apiv2][body] POST https://github.com/login/oauth/access_token [stream]
[debug] [2024-03-09T11:56:22.207Z] <<< [apiv2][status] POST https://github.com/login/oauth/access_token 200
[debug] [2024-03-09T11:56:22.207Z] <<< [apiv2][body] POST https://github.com/login/oauth/access_token {"access_token":"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","token_type":"bearer","scope":"read:user,repo"}
[debug] [2024-03-09T11:56:22.221Z] >>> [apiv2][query] GET https://api.github.com/user [none]
[debug] [2024-03-09T11:56:22.648Z] <<< [apiv2][status] GET https://api.github.com/user 200
[debug] [2024-03-09T11:56:22.648Z] <<< [apiv2][body] GET https://api.github.com/user {"login":"Lernopus","id":54640097,"node_id":"MDQ6VXNlcjU0NjQwMDk3","avatar_url":"https://avatars.githubusercontent.com/u/54640097?v=4","gravatar_id":"","url":"https://api.github.com/users/Lernopus","html_url":"https://github.com/Lernopus","followers_url":"https://api.github.com/users/Lernopus/followers","following_url":"https://api.github.com/users/Lernopus/following{/other_user}","gists_url":"https://api.github.com/users/Lernopus/gists{/gist_id}","starred_url":"https://api.github.com/users/Lernopus/starred{/owner}{/repo}","subscriptions_url":"https://api.github.com/users/Lernopus/subscriptions","organizations_url":"https://api.github.com/users/Lernopus/orgs","repos_url":"https://api.github.com/users/Lernopus/repos","events_url":"https://api.github.com/users/Lernopus/events{/privacy}","received_events_url":"https://api.github.com/users/Lernopus/received_events","type":"User","site_admin":false,"name":null,"company":null,"blog":"","location":null,"email":null,"hireable":null,"bio":null,"twitter_username":null,"public_repos":4,"public_gists":0,"followers":0,"following":0,"created_at":"2019-08-28T17:29:12Z","updated_at":"2024-03-09T11:48:28Z","private_gists":0,"total_private_repos":0,"owned_private_repos":0,"disk_usage":91482,"collaborators":0,"two_factor_authentication":false,"plan":{"name":"free","space":976562499,"collaborators":0,"private_repos":10000}}
[info] 
[info] +  Success! Logged into GitHub as Lernopus 
[info] 
[debug] [2024-03-09T11:56:38.179Z] >>> [apiv2][query] GET https://api.github.com/repos//actions/secrets/public-key type=owner
[debug] [2024-03-09T11:56:38.587Z] <<< [apiv2][status] GET https://api.github.com/repos//actions/secrets/public-key 404
[debug] [2024-03-09T11:56:38.587Z] <<< [apiv2][body] GET https://api.github.com/repos//actions/secrets/public-key {"message":"Not Found","documentation_url":"https://docs.github.com/rest"}
[debug] [2024-03-09T11:56:42.872Z] >>> [apiv2][query] GET https://api.github.com/repos//actions/secrets/public-key type=owner
[debug] [2024-03-09T11:56:43.230Z] <<< [apiv2][status] GET https://api.github.com/repos//actions/secrets/public-key 404
[debug] [2024-03-09T11:56:43.230Z] <<< [apiv2][body] GET https://api.github.com/repos//actions/secrets/public-key {"message":"Not Found","documentation_url":"https://docs.github.com/rest"}
[debug] [2024-03-09T11:57:00.215Z] ----------------------------------------------------------------------
[debug] [2024-03-09T11:57:00.217Z] Command:       G:\AM_Ware\Applications\node-v18.14.2-win-x64\node.exe G:\AM_Ware\Applications\node-v18.14.2-win-x64\node_modules\firebase-tools\lib\bin\firebase.js init
[debug] [2024-03-09T11:57:00.218Z] CLI Version:   11.24.0
[debug] [2024-03-09T11:57:00.218Z] Platform:      win32
[debug] [2024-03-09T11:57:00.219Z] Node Version:  v18.14.2
[debug] [2024-03-09T11:57:00.220Z] Time:          Sat Mar 09 2024 17:27:00 GMT+0530 (India Standard Time)
[debug] [2024-03-09T11:57:00.220Z] ----------------------------------------------------------------------
[debug] 
[debug] [2024-03-09T11:57:00.231Z] > command requires scopes: ["email","openid","https://www.googleapis.com/auth/cloudplatformprojects.readonly","https://www.googleapis.com/auth/firebase","https://www.googleapis.com/auth/cloud-platform"]
[debug] [2024-03-09T11:57:00.232Z] > authorizing via signed-in user (amernath555@gmail.com)
[info] 
     ######## #### ########  ######## ########     ###     ######  ########
     ##        ##  ##     ## ##       ##     ##  ##   ##  ##       ##
     ######    ##  ########  ######   ########  #########  ######  ######
     ##        ##  ##    ##  ##       ##     ## ##     ##       ## ##
     ##       #### ##     ## ######## ########  ##     ##  ######  ########

You're about to initialize a Firebase project in this directory:

  G:\Temp\learner-1.0.0

